[ 2024-01-10 20:07:03,184 ] 96 werkzeug - INFO - [31m[1mWARNING: This is a development server. Do not use it in a production deployment. Use a production WSGI server instead.[0m
 * Running on all addresses (0.0.0.0)
 * Running on http://127.0.0.1:8080
 * Running on http://192.168.29.89:8080
[ 2024-01-10 20:07:03,184 ] 96 werkzeug - INFO - [33mPress CTRL+C to quit[0m
[ 2024-01-10 20:08:11,900 ] 825 app - ERROR - Exception on / [GET]
Traceback (most recent call last):
  File "C:\Users\DELL\OneDrive\Desktop\Sign_Detection_yolo\env\Lib\site-packages\flask\app.py", line 1455, in wsgi_app
    response = self.full_dispatch_request()
               ^^^^^^^^^^^^^^^^^^^^^^^^^^^^
  File "C:\Users\DELL\OneDrive\Desktop\Sign_Detection_yolo\env\Lib\site-packages\flask\app.py", line 869, in full_dispatch_request
    rv = self.handle_user_exception(e)
         ^^^^^^^^^^^^^^^^^^^^^^^^^^^^^
  File "C:\Users\DELL\OneDrive\Desktop\Sign_Detection_yolo\env\Lib\site-packages\flask_cors\extension.py", line 176, in wrapped_function
    return cors_after_request(app.make_response(f(*args, **kwargs)))
                                                ^^^^^^^^^^^^^^^^^^
  File "C:\Users\DELL\OneDrive\Desktop\Sign_Detection_yolo\env\Lib\site-packages\flask\app.py", line 867, in full_dispatch_request
    rv = self.dispatch_request()
         ^^^^^^^^^^^^^^^^^^^^^^^
  File "C:\Users\DELL\OneDrive\Desktop\Sign_Detection_yolo\env\Lib\site-packages\flask\app.py", line 852, in dispatch_request
    return self.ensure_sync(self.view_functions[rule.endpoint])(**view_args)
           ^^^^^^^^^^^^^^^^^^^^^^^^^^^^^^^^^^^^^^^^^^^^^^^^^^^^^^^^^^^^^^^^^
  File "C:\Users\DELL\OneDrive\Desktop\Sign_Detection_yolo\app.py", line 27, in home
    return render_template("index.html")
           ^^^^^^^^^^^^^^^^^^^^^^^^^^^^^
  File "C:\Users\DELL\OneDrive\Desktop\Sign_Detection_yolo\env\Lib\site-packages\flask\templating.py", line 151, in render_template
    template = app.jinja_env.get_or_select_template(template_name_or_list)
               ^^^^^^^^^^^^^^^^^^^^^^^^^^^^^^^^^^^^^^^^^^^^^^^^^^^^^^^^^^^
  File "C:\Users\DELL\OneDrive\Desktop\Sign_Detection_yolo\env\Lib\site-packages\jinja2\environment.py", line 1081, in get_or_select_template
    return self.get_template(template_name_or_list, parent, globals)
           ^^^^^^^^^^^^^^^^^^^^^^^^^^^^^^^^^^^^^^^^^^^^^^^^^^^^^^^^^
  File "C:\Users\DELL\OneDrive\Desktop\Sign_Detection_yolo\env\Lib\site-packages\jinja2\environment.py", line 1010, in get_template
    return self._load_template(name, globals)
           ^^^^^^^^^^^^^^^^^^^^^^^^^^^^^^^^^^
  File "C:\Users\DELL\OneDrive\Desktop\Sign_Detection_yolo\env\Lib\site-packages\jinja2\environment.py", line 969, in _load_template
    template = self.loader.load(self, name, self.make_globals(globals))
               ^^^^^^^^^^^^^^^^^^^^^^^^^^^^^^^^^^^^^^^^^^^^^^^^^^^^^^^^
  File "C:\Users\DELL\OneDrive\Desktop\Sign_Detection_yolo\env\Lib\site-packages\jinja2\loaders.py", line 126, in load
    source, filename, uptodate = self.get_source(environment, name)
                                 ^^^^^^^^^^^^^^^^^^^^^^^^^^^^^^^^^^
  File "C:\Users\DELL\OneDrive\Desktop\Sign_Detection_yolo\env\Lib\site-packages\flask\templating.py", line 65, in get_source
    return self._get_source_fast(environment, template)
           ^^^^^^^^^^^^^^^^^^^^^^^^^^^^^^^^^^^^^^^^^^^^
  File "C:\Users\DELL\OneDrive\Desktop\Sign_Detection_yolo\env\Lib\site-packages\flask\templating.py", line 99, in _get_source_fast
    raise TemplateNotFound(template)
jinja2.exceptions.TemplateNotFound: index.html
[ 2024-01-10 20:08:11,913 ] 96 werkzeug - INFO - 127.0.0.1 - - [10/Jan/2024 20:08:11] "[35m[1mGET / HTTP/1.1[0m" 500 -
[ 2024-01-10 20:08:13,780 ] 96 werkzeug - INFO - 127.0.0.1 - - [10/Jan/2024 20:08:13] "[33mGET /favicon.ico HTTP/1.1[0m" 404 -
